2022-04-29 15:07:01 [com.xxl.job.core.thread.JobThread#run]-[130]-[Thread-7] <br>----------- xxl-job job execute start -----------<br>----------- Param:
2022-04-29 15:07:01 [com.sff.rbacdemo.biz.job.AbnormalBillingDetector#detectorHandler]-[36]-[Thread-7] Begin detect abnormal billings: 
2022-04-29 15:07:01 [com.sff.rbacdemo.biz.job.AbnormalBillingDetector#detectorHandler]-[38]-[Thread-7] There are %d billings have overdued.
2022-04-29 15:07:01 [com.sff.rbacdemo.biz.job.AbnormalBillingDetector#detectorHandler]-[39]-[Thread-7] Overdue billings are generated.
2022-04-29 15:07:01 [com.sff.rbacdemo.biz.job.AbnormalBillingDetector#detectorHandler]-[40]-[Thread-7] Overdue billings are: [OverdueBillingsDTO(billingCode=CHN00001C000001B01, stdFee=2000.0, whPrice=2000.0, totalWorkHours=36.0, serviceFee=72000.0, extFee=300.0, otherFee=120.0, totalCost=76456.0)]
2022-04-29 15:07:04 [com.xxl.job.core.thread.JobThread#run]-[201]-[Thread-7] <br>----------- JobThread Exception:java.lang.reflect.InvocationTargetException
	at sun.reflect.NativeMethodAccessorImpl.invoke0(Native Method)
	at sun.reflect.NativeMethodAccessorImpl.invoke(NativeMethodAccessorImpl.java:62)
	at sun.reflect.DelegatingMethodAccessorImpl.invoke(DelegatingMethodAccessorImpl.java:43)
	at java.lang.reflect.Method.invoke(Method.java:498)
	at com.xxl.job.core.handler.impl.MethodJobHandler.execute(MethodJobHandler.java:31)
	at com.xxl.job.core.thread.JobThread.run(JobThread.java:163)
Caused by: java.lang.IllegalArgumentException: Attachment filename must not be null
	at org.springframework.util.Assert.notNull(Assert.java:201)
	at org.springframework.mail.javamail.MimeMessageHelper.addAttachment(MimeMessageHelper.java:1017)
	at org.springframework.mail.javamail.MimeMessageHelper.addAttachment(MimeMessageHelper.java:1049)
	at com.sff.rbacdemo.common.utils.MailUtil.sendMailAttachment(MailUtil.java:55)
	at com.sff.rbacdemo.biz.job.AbnormalBillingDetector.detectorHandler(AbnormalBillingDetector.java:57)
	... 6 more
<br>----------- xxl-job job execute end(error) -----------
2022-04-29 15:07:04 [com.xxl.job.core.thread.TriggerCallbackThread#callbackLog]-[197]-[xxl-job, executor TriggerCallbackThread] <br>----------- xxl-job job callback finish.
2022-04-29 15:08:04 [com.xxl.job.core.thread.JobThread#run]-[191]-[Thread-7] <br>----------- JobThread toStop, stopReason:web container destroy and kill the job.
2022-04-29 15:08:04 [com.xxl.job.core.thread.JobThread#run]-[201]-[Thread-7] <br>----------- JobThread Exception:java.lang.InterruptedException
	at java.util.concurrent.locks.AbstractQueuedSynchronizer$ConditionObject.reportInterruptAfterWait(AbstractQueuedSynchronizer.java:2014)
	at java.util.concurrent.locks.AbstractQueuedSynchronizer$ConditionObject.awaitNanos(AbstractQueuedSynchronizer.java:2088)
	at java.util.concurrent.LinkedBlockingQueue.poll(LinkedBlockingQueue.java:467)
	at com.xxl.job.core.thread.JobThread.run(JobThread.java:111)
<br>----------- xxl-job job execute end(error) -----------
