2022-04-29 15:09:07 [com.xxl.job.core.thread.JobThread#run]-[130]-[Thread-7] <br>----------- xxl-job job execute start -----------<br>----------- Param:
2022-04-29 15:09:07 [com.sff.rbacdemo.biz.job.AbnormalBillingDetector#detectorHandler]-[36]-[Thread-7] Begin detect abnormal billings: 
2022-04-29 15:09:07 [com.sff.rbacdemo.biz.job.AbnormalBillingDetector#detectorHandler]-[38]-[Thread-7] There are %d billings have overdued.
2022-04-29 15:09:07 [com.sff.rbacdemo.biz.job.AbnormalBillingDetector#detectorHandler]-[39]-[Thread-7] Overdue billings are generated.
2022-04-29 15:09:07 [com.sff.rbacdemo.biz.job.AbnormalBillingDetector#detectorHandler]-[40]-[Thread-7] Overdue billings are: [OverdueBillingsDTO(billingCode=CHN00001C000001B01, stdFee=2000.0, whPrice=2000.0, totalWorkHours=36.0, serviceFee=72000.0, extFee=300.0, otherFee=120.0, totalCost=76456.0)]
2022-04-29 15:09:15 [com.xxl.job.core.thread.JobThread#run]-[201]-[Thread-7] <br>----------- JobThread Exception:java.lang.reflect.InvocationTargetException
	at sun.reflect.NativeMethodAccessorImpl.invoke0(Native Method)
	at sun.reflect.NativeMethodAccessorImpl.invoke(NativeMethodAccessorImpl.java:62)
	at sun.reflect.DelegatingMethodAccessorImpl.invoke(DelegatingMethodAccessorImpl.java:43)
	at java.lang.reflect.Method.invoke(Method.java:498)
	at com.xxl.job.core.handler.impl.MethodJobHandler.execute(MethodJobHandler.java:31)
	at com.xxl.job.core.thread.JobThread.run(JobThread.java:163)
Caused by: org.springframework.mail.MailAuthenticationException: Authentication failed; nested exception is javax.mail.AuthenticationFailedException: 526 Authentication failure[0]

	at org.springframework.mail.javamail.JavaMailSenderImpl.doSend(JavaMailSenderImpl.java:440)
	at org.springframework.mail.javamail.JavaMailSenderImpl.send(JavaMailSenderImpl.java:361)
	at org.springframework.mail.javamail.JavaMailSenderImpl.send(JavaMailSenderImpl.java:356)
	at com.sff.rbacdemo.common.utils.MailUtil.sendMailAttachment(MailUtil.java:56)
	at com.sff.rbacdemo.biz.job.AbnormalBillingDetector.detectorHandler(AbnormalBillingDetector.java:58)
	... 6 more
Caused by: javax.mail.AuthenticationFailedException: 526 Authentication failure[0]

	at com.sun.mail.smtp.SMTPTransport$Authenticator.authenticate(SMTPTransport.java:947)
	at com.sun.mail.smtp.SMTPTransport.authenticate(SMTPTransport.java:858)
	at com.sun.mail.smtp.SMTPTransport.protocolConnect(SMTPTransport.java:762)
	at javax.mail.Service.connect(Service.java:342)
	at org.springframework.mail.javamail.JavaMailSenderImpl.connectTransport(JavaMailSenderImpl.java:518)
	at org.springframework.mail.javamail.JavaMailSenderImpl.doSend(JavaMailSenderImpl.java:437)
	... 10 more
<br>----------- xxl-job job execute end(error) -----------
2022-04-29 15:09:15 [com.xxl.job.core.thread.TriggerCallbackThread#callbackLog]-[197]-[xxl-job, executor TriggerCallbackThread] <br>----------- xxl-job job callback finish.
